Base path: /Applications/Unity/Unity.app/Contents
Cmd: initializeCompiler
Cmd: compileComputeKernel
  api=4 insize=13247 outsize=23657 ok=1
Cmd: compileComputeKernel
  api=4 insize=13247 outsize=20309 ok=1
Cmd: compileComputeKernel
  api=4 insize=13247 outsize=20077 ok=1
Cmd: compileComputeKernel
  api=4 insize=13247 outsize=52641 ok=1
Cmd: compileComputeKernel
  api=4 insize=13247 outsize=28597 ok=1
Cmd: compileComputeKernel
  api=4 insize=13247 outsize=19789 ok=1
Cmd: compileComputeKernel
  api=4 insize=13247 outsize=46581 ok=1
Cmd: compileComputeKernel
  error: 1 plat 14 at CoreRP/ShaderLibrary/AreaLighting.hlsl(355): use of potentially uninitialized variable (LTCEvaluate)
  error: 1 plat 14 at CoreRP/ShaderLibrary/CommonLighting.hlsl(177): use of potentially uninitialized variable (BoxDistanceAttenuation)
  error: 1 plat 14 at Lit/Lit.hlsl(1280): use of potentially uninitialized variable (EvaluateBSDF_Line)
  error: 1 plat 14 at Lit/Lit.hlsl(1389): use of potentially uninitialized variable (EvaluateBSDF_Rect)
  api=14 insize=13247 outsize=37089 ok=1
Cmd: compileComputeKernel
  api=14 insize=13247 outsize=26657 ok=1
Cmd: compileComputeKernel
  error: 1 plat 14 at BSDF.hlsl(423): use of potentially uninitialized variable (EvalIridescence)
  error: 1 plat 14 at CoreRP/ShaderLibrary/AreaLighting.hlsl(355): use of potentially uninitialized variable (LTCEvaluate)
  error: 1 plat 14 at CoreRP/ShaderLibrary/CommonLighting.hlsl(177): use of potentially uninitialized variable (BoxDistanceAttenuation)
  error: 1 plat 14 at Lit/Lit.hlsl(1280): use of potentially uninitialized variable (EvaluateBSDF_Line)
  error: 1 plat 14 at Lit/Lit.hlsl(1389): use of potentially uninitialized variable (EvaluateBSDF_Rect)
  api=14 insize=13247 outsize=37081 ok=1
Cmd: compileComputeKernel
  error: 1 plat 14 at BSDF.hlsl(423): use of potentially uninitialized variable (EvalIridescence)
  error: 1 plat 14 at Lit/Lit.hlsl(866): use of potentially uninitialized variable (preLightData)
  api=14 insize=13247 outsize=27637 ok=1
Cmd: compileComputeKernel
  error: 1 plat 14 at CoreRP/ShaderLibrary/AreaLighting.hlsl(355): use of potentially uninitialized variable (LTCEvaluate)
  error: 1 plat 14 at CoreRP/ShaderLibrary/CommonLighting.hlsl(177): use of potentially uninitialized variable (BoxDistanceAttenuation)
  error: 1 plat 14 at Lit/Lit.hlsl(1280): use of potentially uninitialized variable (EvaluateBSDF_Line)
  error: 1 plat 14 at Lit/Lit.hlsl(1389): use of potentially uninitialized variable (EvaluateBSDF_Rect)
  api=14 insize=13247 outsize=54877 ok=1
Cmd: compileComputeKernel
  error: 1 plat 14 at BSDF.hlsl(423): use of potentially uninitialized variable (EvalIridescence)
  api=14 insize=13247 outsize=39093 ok=1
Cmd: translateComputeKernel
  api=14 insize=28137 outsize=45133 ok=1
Cmd: translateComputeKernel
  api=14 insize=41921 outsize=76893 ok=1
Cmd: translateComputeKernel
  api=14 insize=39297 outsize=68761 ok=1
Cmd: translateComputeKernel
  api=14 insize=28317 outsize=46677 ok=1
Cmd: translateComputeKernel
  api=14 insize=38005 outsize=68005 ok=1
Cmd: translateComputeKernel
  api=14 insize=47017 outsize=87593 ok=1
Cmd: translateComputeKernel
  api=14 insize=32473 outsize=54549 ok=1
Cmd: translateComputeKernel
  api=14 insize=40365 outsize=72353 ok=1
Cmd: compileComputeKernel
  api=4 insize=25381 outsize=15909 ok=1
Cmd: translateComputeKernel
  api=14 insize=16705 outsize=32921 ok=1
Cmd: compileComputeKernel
  api=14 insize=2780 outsize=48933 ok=1
Cmd: compileComputeKernel
  api=14 insize=7330 outsize=10537 ok=1
Cmd: compileComputeKernel
  error: 1 plat 14 at ShadowAlgorithms.hlsl(553): use of potentially uninitialized variable (EvalShadow_CascadedDepth_Blend)
  error: 1 plat 14 at ShadowSampling.hlsl(342): use of potentially uninitialized variable (SampleShadow_PCF_9tap_Adaptive)
  error: 1 plat 14 at ShadowSampling.hlsl(569): use of potentially uninitialized variable (SampleShadow_PCSS)
  api=14 insize=6933 outsize=19965 ok=1
Cmd: translateComputeKernel
  api=14 insize=16865 outsize=29533 ok=1
Cmd: compileComputeKernel
  api=4 insize=2351 outsize=2561 ok=1
Cmd: translateComputeKernel
  api=14 insize=11997 outsize=24497 ok=1
Cmd: compileComputeKernel
  api=14 insize=2868 outsize=1549 ok=1
Cmd: compileComputeKernel
  api=14 insize=1470 outsize=1053 ok=1
Cmd: translateComputeKernel
  api=14 insize=1093 outsize=1081 ok=1
Cmd: compileComputeKernel
  api=4 insize=32699 outsize=30237 ok=1
Cmd: compileComputeKernel
  error: 1 plat 14 at ShadowAlgorithms.hlsl(553): use of potentially uninitialized variable (EvalShadow_CascadedDepth_Blend)
  error: 1 plat 14 at ShadowSampling.hlsl(342): use of potentially uninitialized variable (SampleShadow_PCF_9tap_Adaptive)
  error: 1 plat 14 at ShadowSampling.hlsl(569): use of potentially uninitialized variable (SampleShadow_PCSS)
  api=14 insize=32699 outsize=39201 ok=1
Cmd: compileComputeKernel
  api=14 insize=7414 outsize=2405 ok=1
Cmd: compileComputeKernel
  api=14 insize=15985 outsize=20405 ok=1
Cmd: compileComputeKernel
  api=4 insize=1635 outsize=1013 ok=1
Cmd: compileComputeKernel
  api=4 insize=16784 outsize=6893 ok=1
Cmd: compileComputeKernel
  api=4 insize=16784 outsize=9673 ok=1
Cmd: compileComputeKernel
  api=4 insize=16784 outsize=7765 ok=1
Cmd: compileComputeKernel
  api=4 insize=16784 outsize=10925 ok=1
Cmd: compileComputeKernel
  api=14 insize=16784 outsize=7557 ok=1
Cmd: compileComputeKernel
  api=14 insize=16784 outsize=9761 ok=1
Cmd: compileComputeKernel
  api=14 insize=16784 outsize=7925 ok=1
Cmd: compileComputeKernel
  api=14 insize=16784 outsize=9221 ok=1
Cmd: compileComputeKernel
  api=14 insize=16784 outsize=10277 ok=1
Cmd: translateComputeKernel
  api=14 insize=7633 outsize=13973 ok=1
Cmd: translateComputeKernel
  api=14 insize=8285 outsize=14921 ok=1
Cmd: translateComputeKernel
  api=14 insize=9865 outsize=18689 ok=1
Cmd: translateComputeKernel
  api=14 insize=8181 outsize=14981 ok=1
Cmd: translateComputeKernel
  api=14 insize=11725 outsize=22237 ok=1
Cmd: compileComputeKernel
  api=14 insize=2845 outsize=4933 ok=1

Quitting shader compiler process
