Base path: /Applications/Unity/Unity.app/Contents
Cmd: initializeCompiler
Cmd: compileComputeKernel
  api=4 insize=13247 outsize=89437 ok=1
Cmd: compileComputeKernel
  error: 1 plat 14 at CoreRP/ShaderLibrary/AreaLighting.hlsl(355): use of potentially uninitialized variable (LTCEvaluate)
  error: 1 plat 14 at CoreRP/ShaderLibrary/CommonLighting.hlsl(177): use of potentially uninitialized variable (BoxDistanceAttenuation)
  error: 1 plat 14 at Lit/Lit.hlsl(1280): use of potentially uninitialized variable (EvaluateBSDF_Line)
  error: 1 plat 14 at Lit/Lit.hlsl(1389): use of potentially uninitialized variable (EvaluateBSDF_Rect)
  api=14 insize=13247 outsize=34721 ok=1
Cmd: compileComputeKernel
  api=14 insize=13247 outsize=27237 ok=1
Cmd: compileComputeKernel
  api=14 insize=13247 outsize=25861 ok=1
Cmd: compileComputeKernel
  error: 1 plat 14 at CoreRP/ShaderLibrary/AreaLighting.hlsl(355): use of potentially uninitialized variable (LTCEvaluate)
  error: 1 plat 14 at CoreRP/ShaderLibrary/CommonLighting.hlsl(177): use of potentially uninitialized variable (BoxDistanceAttenuation)
  error: 1 plat 14 at Lit/Lit.hlsl(1280): use of potentially uninitialized variable (EvaluateBSDF_Line)
  error: 1 plat 14 at Lit/Lit.hlsl(1389): use of potentially uninitialized variable (EvaluateBSDF_Rect)
  api=14 insize=13247 outsize=55593 ok=1
Cmd: compileComputeKernel
  api=14 insize=13247 outsize=36705 ok=1
Cmd: compileComputeKernel
  error: 1 plat 14 at CoreRP/ShaderLibrary/AreaLighting.hlsl(355): use of potentially uninitialized variable (LTCEvaluate)
  error: 1 plat 14 at CoreRP/ShaderLibrary/CommonLighting.hlsl(177): use of potentially uninitialized variable (BoxDistanceAttenuation)
  error: 1 plat 14 at Lit/Lit.hlsl(1280): use of potentially uninitialized variable (EvaluateBSDF_Line)
  error: 1 plat 14 at Lit/Lit.hlsl(1389): use of potentially uninitialized variable (EvaluateBSDF_Rect)
  api=14 insize=13247 outsize=39521 ok=1
Cmd: compileComputeKernel
  error: 1 plat 14 at CoreRP/ShaderLibrary/AreaLighting.hlsl(355): use of potentially uninitialized variable (LTCEvaluate)
  error: 1 plat 14 at CoreRP/ShaderLibrary/CommonLighting.hlsl(177): use of potentially uninitialized variable (BoxDistanceAttenuation)
  error: 1 plat 14 at Lit/Lit.hlsl(1280): use of potentially uninitialized variable (EvaluateBSDF_Line)
  error: 1 plat 14 at Lit/Lit.hlsl(1389): use of potentially uninitialized variable (EvaluateBSDF_Rect)
  api=14 insize=13247 outsize=65197 ok=1
Cmd: translateComputeKernel
  api=14 insize=34613 outsize=60841 ok=1
Cmd: translateComputeKernel
  api=14 insize=38137 outsize=66241 ok=1
Cmd: translateComputeKernel
  api=14 insize=37933 outsize=67721 ok=1
Cmd: translateComputeKernel
  api=14 insize=30133 outsize=50341 ok=1
Cmd: translateComputeKernel
  api=14 insize=37453 outsize=65953 ok=1
Cmd: translateComputeKernel
  api=14 insize=43925 outsize=81905 ok=1
Cmd: translateComputeKernel
  api=14 insize=41289 outsize=73869 ok=1
Cmd: translateComputeKernel
  api=14 insize=58065 outsize=112433 ok=1
Cmd: compileComputeKernel
  api=4 insize=25381 outsize=301 ok=1
Cmd: compileComputeKernel
  api=14 insize=25381 outsize=18377 ok=1
Cmd: compileComputeKernel
  api=4 insize=2059 outsize=1517 ok=1
Cmd: compileComputeKernel
  api=14 insize=1176 outsize=1357 ok=1
Cmd: compileComputeKernel
  api=14 insize=7330 outsize=10693 ok=1
Cmd: compileComputeKernel
  api=14 insize=5004 outsize=5509 ok=1
Cmd: translateComputeKernel
  api=14 insize=7001 outsize=13513 ok=1
Cmd: compileComputeKernel
  api=14 insize=9166 outsize=9705 ok=1
Cmd: translateComputeKernel
  api=14 insize=9705 outsize=16577 ok=1
Cmd: compileComputeKernel
  api=4 insize=18144 outsize=14241 ok=1
Cmd: translateComputeKernel
  api=14 insize=17005 outsize=34633 ok=1
Cmd: compileComputeKernel
  api=4 insize=5435 outsize=6445 ok=1
Cmd: compileComputeKernel
  api=14 insize=1806 outsize=2001 ok=1
Cmd: compileComputeKernel
  api=14 insize=654 outsize=1093 ok=1
Cmd: translateComputeKernel
  api=14 insize=7445 outsize=12917 ok=1
Cmd: translateComputeKernel
  api=14 insize=98565 outsize=625589 ok=1
Cmd: compileComputeKernel
  error: 1 plat 14 at ShadowAlgorithms.hlsl(553): use of potentially uninitialized variable (EvalShadow_CascadedDepth_Blend)
  error: 1 plat 14 at ShadowSampling.hlsl(342): use of potentially uninitialized variable (SampleShadow_PCF_9tap_Adaptive)
  error: 1 plat 14 at ShadowSampling.hlsl(569): use of potentially uninitialized variable (SampleShadow_PCSS)
  api=14 insize=32699 outsize=56769 ok=1
Cmd: translateComputeKernel
  api=14 insize=59213 outsize=136401 ok=1
Cmd: compileComputeKernel
  api=4 insize=15985 outsize=6213 ok=1
Cmd: compileComputeKernel
  api=14 insize=1454 outsize=2077 ok=1
Cmd: compileComputeKernel
  api=4 insize=16784 outsize=5233 ok=1
Cmd: compileComputeKernel
  api=4 insize=16784 outsize=7009 ok=1
Cmd: compileComputeKernel
  api=4 insize=16784 outsize=7789 ok=1
Cmd: compileComputeKernel
  api=4 insize=16784 outsize=7573 ok=1
Cmd: compileComputeKernel
  api=4 insize=16784 outsize=8773 ok=1
Cmd: compileComputeKernel
  api=4 insize=16784 outsize=9789 ok=1
Cmd: compileComputeKernel
  api=14 insize=16784 outsize=6377 ok=1
Cmd: compileComputeKernel
  api=14 insize=16784 outsize=7265 ok=1
Cmd: compileComputeKernel
  api=14 insize=16784 outsize=8349 ok=1
Cmd: compileComputeKernel
  api=14 insize=16784 outsize=7229 ok=1
Cmd: compileComputeKernel
  api=14 insize=16784 outsize=7445 ok=1
Cmd: compileComputeKernel
  api=14 insize=16784 outsize=9533 ok=1
Cmd: compileComputeKernel
  api=14 insize=16784 outsize=11261 ok=1
Cmd: translateComputeKernel
  api=14 insize=7245 outsize=13221 ok=1
Cmd: translateComputeKernel
  api=14 insize=9269 outsize=16937 ok=1
Cmd: translateComputeKernel
  api=14 insize=6921 outsize=12757 ok=1
Cmd: translateComputeKernel
  api=14 insize=9009 outsize=17033 ok=1
Cmd: translateComputeKernel
  api=14 insize=9757 outsize=18225 ok=1
Cmd: translateComputeKernel
  api=14 insize=12321 outsize=24153 ok=1
Cmd: translateComputeKernel
  api=14 insize=4933 outsize=8813 ok=1
