Base path: /Applications/Unity/Unity.app/Contents
Cmd: initializeCompiler
Cmd: compileComputeKernel
  api=4 insize=13247 outsize=17725 ok=1
Cmd: compileComputeKernel
  api=4 insize=13247 outsize=30157 ok=1
Cmd: compileComputeKernel
  api=4 insize=13247 outsize=18881 ok=1
Cmd: compileComputeKernel
  api=4 insize=13247 outsize=18109 ok=1
Cmd: compileComputeKernel
  api=4 insize=13247 outsize=72521 ok=1
Cmd: compileComputeKernel
  api=14 insize=13247 outsize=34705 ok=1
Cmd: compileComputeKernel
  error: 1 plat 14 at CoreRP/ShaderLibrary/AreaLighting.hlsl(355): use of potentially uninitialized variable (LTCEvaluate)
  error: 1 plat 14 at CoreRP/ShaderLibrary/CommonLighting.hlsl(177): use of potentially uninitialized variable (BoxDistanceAttenuation)
  error: 1 plat 14 at Lit/Lit.hlsl(1280): use of potentially uninitialized variable (EvaluateBSDF_Line)
  error: 1 plat 14 at Lit/Lit.hlsl(1389): use of potentially uninitialized variable (EvaluateBSDF_Rect)
  api=14 insize=13247 outsize=65353 ok=1
Cmd: compileComputeKernel
  api=14 insize=13247 outsize=29285 ok=1
Cmd: compileComputeKernel
  api=14 insize=13247 outsize=43533 ok=1
Cmd: compileComputeKernel
  error: 1 plat 14 at CoreRP/ShaderLibrary/AreaLighting.hlsl(355): use of potentially uninitialized variable (LTCEvaluate)
  error: 1 plat 14 at CoreRP/ShaderLibrary/CommonLighting.hlsl(177): use of potentially uninitialized variable (BoxDistanceAttenuation)
  error: 1 plat 14 at Lit/Lit.hlsl(1280): use of potentially uninitialized variable (EvaluateBSDF_Line)
  error: 1 plat 14 at Lit/Lit.hlsl(1389): use of potentially uninitialized variable (EvaluateBSDF_Rect)
  api=14 insize=13247 outsize=57569 ok=1
Cmd: translateComputeKernel
  api=14 insize=84569 outsize=173925 ok=1
Cmd: translateComputeKernel
  api=14 insize=29065 outsize=45861 ok=1
Cmd: compileComputeKernel
  api=4 insize=25381 outsize=15709 ok=1
Cmd: compileComputeKernel
  api=4 insize=2395 outsize=1345 ok=1
Cmd: translateComputeKernel
  api=14 insize=1357 outsize=1453 ok=1
Cmd: compileComputeKernel
  api=4 insize=6933 outsize=15417 ok=1
Cmd: compileComputeKernel
  api=4 insize=9166 outsize=8677 ok=1
Cmd: compileComputeKernel
  api=4 insize=18144 outsize=13729 ok=1
Cmd: compileComputeKernel
  api=14 insize=1470 outsize=1037 ok=1
Cmd: compileComputeKernel
  api=14 insize=2867 outsize=2021 ok=1
Cmd: compileComputeKernel
  api=4 insize=654 outsize=573 ok=1
Cmd: compileComputeKernel
  api=14 insize=19653 outsize=31241 ok=1
Cmd: compileComputeKernel
  api=4 insize=32699 outsize=43885 ok=1
Cmd: translateComputeKernel
  api=14 insize=39881 outsize=87945 ok=1
Cmd: compileComputeKernel
  api=14 insize=7414 outsize=3417 ok=1
Cmd: translateComputeKernel
  api=14 insize=10733 outsize=15021 ok=1
Cmd: compileComputeKernel
  api=4 insize=16784 outsize=5113 ok=1
Cmd: compileComputeKernel
  api=4 insize=16784 outsize=7321 ok=1
Cmd: compileComputeKernel
  api=4 insize=16784 outsize=8773 ok=1
Cmd: compileComputeKernel
  api=4 insize=16784 outsize=7381 ok=1
Cmd: compileComputeKernel
  api=4 insize=16784 outsize=9485 ok=1
Cmd: compileComputeKernel
  api=4 insize=16784 outsize=11449 ok=1
Cmd: compileComputeKernel
  api=14 insize=16784 outsize=9333 ok=1
Cmd: compileComputeKernel
  api=14 insize=16784 outsize=8933 ok=1
Cmd: compileComputeKernel
  api=14 insize=16784 outsize=10705 ok=1
Cmd: translateComputeKernel
  api=14 insize=6417 outsize=11129 ok=1
Cmd: translateComputeKernel
  api=14 insize=8197 outsize=14685 ok=1
Cmd: translateComputeKernel
  api=14 insize=10849 outsize=20689 ok=1
Cmd: translateComputeKernel
  api=14 insize=8565 outsize=15781 ok=1
Cmd: translateComputeKernel
  api=14 insize=9369 outsize=18101 ok=1
Cmd: compileComputeKernel
  api=4 insize=578 outsize=497 ok=1

Quitting shader compiler process
