Base path: /Applications/Unity/Unity.app/Contents
Cmd: initializeCompiler
Cmd: compileComputeKernel
  api=4 insize=13247 outsize=20629 ok=1
Cmd: compileComputeKernel
  api=4 insize=13247 outsize=53861 ok=1
Cmd: compileComputeKernel
  api=4 insize=13247 outsize=28949 ok=1
Cmd: compileComputeKernel
  api=4 insize=13247 outsize=20345 ok=1
Cmd: compileComputeKernel
  api=4 insize=13247 outsize=19697 ok=1
Cmd: compileComputeKernel
  api=4 insize=13247 outsize=20541 ok=1
Cmd: compileComputeKernel
  api=4 insize=13247 outsize=28413 ok=1
Cmd: compileComputeKernel
  error: 1 plat 14 at BSDF.hlsl(423): use of potentially uninitialized variable (EvalIridescence)
  error: 1 plat 14 at CoreRP/ShaderLibrary/AreaLighting.hlsl(355): use of potentially uninitialized variable (LTCEvaluate)
  error: 1 plat 14 at CoreRP/ShaderLibrary/CommonLighting.hlsl(177): use of potentially uninitialized variable (BoxDistanceAttenuation)
  error: 1 plat 14 at Lit/Lit.hlsl(866): use of potentially uninitialized variable (preLightData)
  error: 1 plat 14 at Lit/Lit.hlsl(1280): use of potentially uninitialized variable (EvaluateBSDF_Line)
  error: 1 plat 14 at Lit/Lit.hlsl(1389): use of potentially uninitialized variable (EvaluateBSDF_Rect)
  error: 1 plat 14 at Lit/Lit.hlsl(1567): use of potentially uninitialized variable (EvaluateBSDF_SSLighting)
  error: 1 plat 14 at ShadowAlgorithms.hlsl(553): use of potentially uninitialized variable (EvalShadow_CascadedDepth_Blend)
  error: 1 plat 14 at ShadowSampling.hlsl(342): use of potentially uninitialized variable (SampleShadow_PCF_9tap_Adaptive)
  error: 1 plat 14 at ShadowSampling.hlsl(569): use of potentially uninitialized variable (SampleShadow_PCSS)
  api=14 insize=13247 outsize=104165 ok=1
Cmd: translateComputeKernel
  api=14 insize=24273 outsize=36673 ok=1
Cmd: translateComputeKernel
  api=14 insize=27709 outsize=44041 ok=1
Cmd: translateComputeKernel
  api=14 insize=30809 outsize=50353 ok=1
Cmd: translateComputeKernel
  api=14 insize=30489 outsize=49609 ok=1
Cmd: translateComputeKernel
  api=14 insize=63949 outsize=124761 ok=1
Cmd: translateComputeKernel
  api=14 insize=40373 outsize=72289 ok=1
Cmd: translateComputeKernel
  api=14 insize=29861 outsize=48117 ok=1
Cmd: translateComputeKernel
  api=14 insize=32529 outsize=54769 ok=1
Cmd: translateComputeKernel
  api=14 insize=86873 outsize=188509 ok=1
Cmd: compileComputeKernel
  api=14 insize=25381 outsize=16661 ok=1
Cmd: compileComputeKernel
  api=14 insize=25381 outsize=749 ok=1
Cmd: translateComputeKernel
  api=14 insize=17789 outsize=35033 ok=1
Cmd: compileComputeKernel
  api=14 insize=2059 outsize=789 ok=1
Cmd: compileComputeKernel
  api=4 insize=1176 outsize=821 ok=1
Cmd: compileComputeKernel
  api=4 insize=7330 outsize=9677 ok=1
Cmd: compileComputeKernel
  api=4 insize=5004 outsize=5397 ok=1
Cmd: compileComputeKernel
  api=14 insize=2351 outsize=3245 ok=1
Cmd: compileComputeKernel
  api=14 insize=1534 outsize=2777 ok=1
Cmd: compileComputeKernel
  api=4 insize=9166 outsize=8765 ok=1
Cmd: translateComputeKernel
  api=14 insize=1549 outsize=1657 ok=1
Cmd: translateComputeKernel
  api=14 insize=16517 outsize=33777 ok=1
Cmd: compileComputeKernel
  api=14 insize=2449 outsize=2653 ok=1
Cmd: compileComputeKernel
  api=14 insize=1806 outsize=1145 ok=1
Cmd: compileComputeKernel
  api=4 insize=19653 outsize=27145 ok=1
Cmd: compileComputeKernel
  api=4 insize=32699 outsize=46205 ok=1
Cmd: translateComputeKernel
  api=14 insize=42117 outsize=92109 ok=1
Cmd: translateComputeKernel
  api=14 insize=2405 outsize=4785 ok=1
Cmd: compileComputeKernel
  api=4 insize=1454 outsize=1461 ok=1
Cmd: compileComputeKernel
  api=4 insize=16784 outsize=5929 ok=1
Cmd: compileComputeKernel
  api=4 insize=16784 outsize=7029 ok=1
Cmd: compileComputeKernel
  api=4 insize=16784 outsize=8317 ok=1
Cmd: compileComputeKernel
  api=4 insize=16784 outsize=8269 ok=1
Cmd: compileComputeKernel
  api=4 insize=16784 outsize=9941 ok=1
Cmd: compileComputeKernel
  api=14 insize=16784 outsize=5777 ok=1
Cmd: compileComputeKernel
  api=14 insize=16784 outsize=7481 ok=1
Cmd: compileComputeKernel
  api=14 insize=16784 outsize=8777 ok=1
Cmd: compileComputeKernel
  api=14 insize=16784 outsize=10993 ok=1
Cmd: compileComputeKernel
  api=14 insize=16784 outsize=11233 ok=1
Cmd: translateComputeKernel
  api=14 insize=7113 outsize=12565 ok=1
Cmd: translateComputeKernel
  api=14 insize=7829 outsize=13905 ok=1
Cmd: translateComputeKernel
  api=14 insize=9409 outsize=17757 ok=1
Cmd: translateComputeKernel
  api=14 insize=7485 outsize=13545 ok=1
Cmd: translateComputeKernel
  api=14 insize=10285 outsize=19305 ok=1
Cmd: translateComputeKernel
  api=14 insize=12541 outsize=24253 ok=1
