Base path: /Applications/Unity/Unity.app/Contents
Cmd: initializeCompiler
Cmd: compileComputeKernel
  api=4 insize=13247 outsize=27269 ok=1
Cmd: compileComputeKernel
  api=4 insize=13247 outsize=29565 ok=1
Cmd: compileComputeKernel
  api=4 insize=13247 outsize=28061 ok=1
Cmd: compileComputeKernel
  api=4 insize=13247 outsize=20641 ok=1
Cmd: compileComputeKernel
  api=4 insize=13247 outsize=17425 ok=1
Cmd: compileComputeKernel
  api=4 insize=13247 outsize=37449 ok=1
Cmd: compileComputeKernel
  api=4 insize=13247 outsize=37025 ok=1
Cmd: compileComputeKernel
  error: 1 plat 14 at BSDF.hlsl(423): use of potentially uninitialized variable (EvalIridescence)
  error: 1 plat 14 at CoreRP/ShaderLibrary/AreaLighting.hlsl(355): use of potentially uninitialized variable (LTCEvaluate)
  error: 1 plat 14 at CoreRP/ShaderLibrary/CommonLighting.hlsl(177): use of potentially uninitialized variable (BoxDistanceAttenuation)
  error: 1 plat 14 at Lit/Lit.hlsl(866): use of potentially uninitialized variable (preLightData)
  error: 1 plat 14 at Lit/Lit.hlsl(1280): use of potentially uninitialized variable (EvaluateBSDF_Line)
  error: 1 plat 14 at Lit/Lit.hlsl(1389): use of potentially uninitialized variable (EvaluateBSDF_Rect)
  error: 1 plat 14 at Lit/Lit.hlsl(1567): use of potentially uninitialized variable (EvaluateBSDF_SSLighting)
  api=14 insize=13247 outsize=82213 ok=1
Cmd: compileComputeKernel
  api=14 insize=13247 outsize=25913 ok=1
Cmd: compileComputeKernel
  api=14 insize=13247 outsize=36117 ok=1
Cmd: compileComputeKernel
  api=14 insize=13247 outsize=39389 ok=1
Cmd: compileComputeKernel
  error: 1 plat 14 at BSDF.hlsl(423): use of potentially uninitialized variable (EvalIridescence)
  api=14 insize=13247 outsize=31681 ok=1
Cmd: translateComputeKernel
  api=14 insize=35573 outsize=63293 ok=1
Cmd: translateComputeKernel
  api=14 insize=26653 outsize=41109 ok=1
Cmd: translateComputeKernel
  api=14 insize=56341 outsize=107865 ok=1
Cmd: translateComputeKernel
  api=14 insize=55625 outsize=108181 ok=1
Cmd: translateComputeKernel
  api=14 insize=46109 outsize=85081 ok=1
Cmd: compileComputeKernel
  api=4 insize=25381 outsize=14193 ok=1
Cmd: translateComputeKernel
  api=14 insize=17945 outsize=35329 ok=1
Cmd: compileComputeKernel
  api=4 insize=2780 outsize=47805 ok=1
Cmd: translateComputeKernel
  api=14 insize=8045 outsize=9273 ok=1
Cmd: compileComputeKernel
  api=14 insize=5004 outsize=7289 ok=1
Cmd: compileComputeKernel
  api=4 insize=5330 outsize=6445 ok=1
Cmd: compileComputeKernel
  api=4 insize=11473 outsize=9925 ok=1
Cmd: compileComputeKernel
  api=14 insize=18144 outsize=16517 ok=1
Cmd: compileComputeKernel
  api=4 insize=1806 outsize=1389 ok=1
Cmd: compileComputeKernel
  api=4 insize=19653 outsize=94469 ok=1
Cmd: compileComputeKernel
  api=4 insize=32699 outsize=46241 ok=1
Cmd: translateComputeKernel
  api=14 insize=42117 outsize=92109 ok=1
Cmd: translateComputeKernel
  api=14 insize=20457 outsize=35685 ok=1
Cmd: translateComputeKernel
  api=14 insize=1193 outsize=1313 ok=1
Cmd: translateComputeKernel
  api=14 insize=1485 outsize=2257 ok=1
Cmd: compileComputeKernel
  api=4 insize=16784 outsize=5617 ok=1
Cmd: compileComputeKernel
  api=4 insize=16784 outsize=7397 ok=1
Cmd: compileComputeKernel
  api=4 insize=16784 outsize=9301 ok=1
Cmd: compileComputeKernel
  api=4 insize=16784 outsize=8077 ok=1
Cmd: compileComputeKernel
  api=4 insize=16784 outsize=8277 ok=1
Cmd: compileComputeKernel
  api=14 insize=16784 outsize=5393 ok=1
Cmd: compileComputeKernel
  api=14 insize=16784 outsize=6785 ok=1
Cmd: compileComputeKernel
  api=14 insize=16784 outsize=7385 ok=1
Cmd: compileComputeKernel
  api=14 insize=16784 outsize=10437 ok=1
Cmd: compileComputeKernel
  api=14 insize=16784 outsize=8525 ok=1
Cmd: compileComputeKernel
  api=14 insize=16784 outsize=11689 ok=1
Cmd: translateComputeKernel
  api=14 insize=6165 outsize=11025 ok=1
Cmd: translateComputeKernel
  api=14 insize=7301 outsize=12881 ok=1
Cmd: translateComputeKernel
  api=14 insize=8881 outsize=16673 ok=1
Cmd: translateComputeKernel
  api=14 insize=7869 outsize=14345 ok=1
Cmd: translateComputeKernel
  api=14 insize=11269 outsize=21305 ok=1
Cmd: compileComputeKernel
  api=4 insize=2845 outsize=4189 ok=1
Cmd: translateComputeKernel
  api=14 insize=829 outsize=1417 ok=1

Quitting shader compiler process
