Base path: /Applications/Unity/Unity.app/Contents
Cmd: initializeCompiler
Cmd: compileComputeKernel
  api=4 insize=13247 outsize=15745 ok=1
Cmd: compileComputeKernel
  api=4 insize=13247 outsize=18665 ok=1
Cmd: compileComputeKernel
  api=4 insize=13247 outsize=26801 ok=1
Cmd: compileComputeKernel
  api=4 insize=13247 outsize=20157 ok=1
Cmd: compileComputeKernel
  api=4 insize=13247 outsize=44801 ok=1
Cmd: compileComputeKernel
  api=4 insize=13247 outsize=46725 ok=1
Cmd: compileComputeKernel
  error: 1 plat 14 at BSDF.hlsl(423): use of potentially uninitialized variable (EvalIridescence)
  error: 1 plat 14 at Lit/Lit.hlsl(866): use of potentially uninitialized variable (preLightData)
  api=14 insize=13247 outsize=27625 ok=1
Cmd: compileComputeKernel
  api=14 insize=13247 outsize=34121 ok=1
Cmd: compileComputeKernel
  api=14 insize=13247 outsize=29961 ok=1
Cmd: compileComputeKernel
  api=14 insize=13247 outsize=37389 ok=1
Cmd: compileComputeKernel
  error: 1 plat 14 at BSDF.hlsl(423): use of potentially uninitialized variable (EvalIridescence)
  api=14 insize=13247 outsize=29717 ok=1
Cmd: compileComputeKernel
  error: 1 plat 14 at BSDF.hlsl(423): use of potentially uninitialized variable (EvalIridescence)
  api=14 insize=13247 outsize=37133 ok=1
Cmd: compileComputeKernel
  api=14 insize=13247 outsize=29669 ok=1
Cmd: compileComputeKernel
  api=14 insize=13247 outsize=31921 ok=1
Cmd: compileComputeKernel
  api=14 insize=13247 outsize=31625 ok=1
Cmd: compileComputeKernel
  error: 1 plat 14 at BSDF.hlsl(423): use of potentially uninitialized variable (EvalIridescence)
  api=14 insize=13247 outsize=28273 ok=1
Cmd: compileComputeKernel
  error: 1 plat 14 at BSDF.hlsl(423): use of potentially uninitialized variable (EvalIridescence)
  error: 1 plat 14 at CoreRP/ShaderLibrary/AreaLighting.hlsl(355): use of potentially uninitialized variable (LTCEvaluate)
  error: 1 plat 14 at CoreRP/ShaderLibrary/CommonLighting.hlsl(177): use of potentially uninitialized variable (BoxDistanceAttenuation)
  error: 1 plat 14 at Lit/Lit.hlsl(866): use of potentially uninitialized variable (preLightData)
  error: 1 plat 14 at Lit/Lit.hlsl(1280): use of potentially uninitialized variable (EvaluateBSDF_Line)
  error: 1 plat 14 at Lit/Lit.hlsl(1389): use of potentially uninitialized variable (EvaluateBSDF_Rect)
  error: 1 plat 14 at Lit/Lit.hlsl(1567): use of potentially uninitialized variable (EvaluateBSDF_SSLighting)
  api=14 insize=13247 outsize=86577 ok=1
Cmd: translateComputeKernel
  api=14 insize=28305 outsize=46665 ok=1
Cmd: translateComputeKernel
  api=14 insize=65745 outsize=131457 ok=1
Cmd: translateComputeKernel
  api=14 insize=30141 outsize=48697 ok=1
Cmd: translateComputeKernel
  api=14 insize=32769 outsize=55317 ok=1
Cmd: translateComputeKernel
  api=14 insize=58317 outsize=113093 ok=1
Cmd: compileComputeKernel
  api=4 insize=25381 outsize=14653 ok=1
Cmd: translateComputeKernel
  api=14 insize=1321 outsize=693 ok=1
Cmd: compileComputeKernel
  api=14 insize=2059 outsize=2129 ok=1
Cmd: compileComputeKernel
  api=4 insize=1176 outsize=781 ok=1
Cmd: translateComputeKernel
  api=14 insize=48553 outsize=85569 ok=1
Cmd: compileComputeKernel
  error: 1 plat 14 at ShadowAlgorithms.hlsl(553): use of potentially uninitialized variable (EvalShadow_CascadedDepth_Blend)
  error: 1 plat 14 at ShadowSampling.hlsl(342): use of potentially uninitialized variable (SampleShadow_PCF_9tap_Adaptive)
  error: 1 plat 14 at ShadowSampling.hlsl(569): use of potentially uninitialized variable (SampleShadow_PCSS)
  api=14 insize=6933 outsize=16525 ok=1
Cmd: compileComputeKernel
  api=14 insize=5004 outsize=10953 ok=1
Cmd: compileComputeKernel
  api=14 insize=9166 outsize=9381 ok=1
Cmd: translateComputeKernel
  api=14 insize=9621 outsize=16409 ok=1
Cmd: compileComputeKernel
  api=4 insize=18144 outsize=14613 ok=1
Cmd: compileComputeKernel
  api=4 insize=1470 outsize=573 ok=1
Cmd: compileComputeKernel
  api=4 insize=19797 outsize=21393 ok=1
Cmd: translateComputeKernel
  api=14 insize=2653 outsize=4585 ok=1
Cmd: compileComputeKernel
  api=14 insize=654 outsize=1093 ok=1
Cmd: translateComputeKernel
  api=14 insize=31241 outsize=60397 ok=1
Cmd: compileComputeKernel
  error: 1 plat 14 at ShadowAlgorithms.hlsl(553): use of potentially uninitialized variable (EvalShadow_CascadedDepth_Blend)
  error: 1 plat 14 at ShadowSampling.hlsl(342): use of potentially uninitialized variable (SampleShadow_PCF_9tap_Adaptive)
  error: 1 plat 14 at ShadowSampling.hlsl(569): use of potentially uninitialized variable (SampleShadow_PCSS)
  api=14 insize=32699 outsize=41729 ok=1
Cmd: compileComputeKernel
  api=14 insize=15985 outsize=10345 ok=1
Cmd: translateComputeKernel
  api=14 insize=10733 outsize=15021 ok=1
Cmd: compileComputeKernel
  api=4 insize=16784 outsize=5425 ok=1
Cmd: compileComputeKernel
  api=4 insize=16784 outsize=6501 ok=1
Cmd: compileComputeKernel
  api=4 insize=16784 outsize=7333 ok=1
Cmd: compileComputeKernel
  api=4 insize=16784 outsize=6877 ok=1
Cmd: compileComputeKernel
  api=4 insize=16784 outsize=7069 ok=1
Cmd: compileComputeKernel
  api=4 insize=16784 outsize=8957 ok=1
Cmd: compileComputeKernel
  api=4 insize=16784 outsize=11229 ok=1
Cmd: compileComputeKernel
  api=14 insize=16784 outsize=10217 ok=1
Cmd: compileComputeKernel
  api=14 insize=16784 outsize=9009 ok=1
Cmd: compileComputeKernel
  api=14 insize=16784 outsize=11909 ok=1
Cmd: translateComputeKernel
  api=14 insize=7557 outsize=13865 ok=1
Cmd: translateComputeKernel
  api=14 insize=10253 outsize=18933 ok=1
Cmd: translateComputeKernel
  api=14 insize=7617 outsize=14193 ok=1
Cmd: translateComputeKernel
  api=14 insize=9261 outsize=17185 ok=1
Cmd: translateComputeKernel
  api=14 insize=9897 outsize=19217 ok=1

Quitting shader compiler process
