Base path: /Applications/Unity/Unity.app/Contents
Cmd: initializeCompiler
Cmd: compileComputeKernel
  api=4 insize=13247 outsize=42369 ok=1
Cmd: compileComputeKernel
  api=4 insize=13247 outsize=29649 ok=1
Cmd: compileComputeKernel
  api=4 insize=13247 outsize=19513 ok=1
Cmd: compileComputeKernel
  api=4 insize=13247 outsize=44157 ok=1
Cmd: compileComputeKernel
  api=4 insize=13247 outsize=21917 ok=1
Cmd: compileComputeKernel
  api=4 insize=13247 outsize=74317 ok=1
Cmd: compileComputeKernel
  error: 1 plat 14 at CoreRP/ShaderLibrary/AreaLighting.hlsl(355): use of potentially uninitialized variable (LTCEvaluate)
  error: 1 plat 14 at CoreRP/ShaderLibrary/CommonLighting.hlsl(177): use of potentially uninitialized variable (BoxDistanceAttenuation)
  error: 1 plat 14 at Lit/Lit.hlsl(1280): use of potentially uninitialized variable (EvaluateBSDF_Line)
  error: 1 plat 14 at Lit/Lit.hlsl(1389): use of potentially uninitialized variable (EvaluateBSDF_Rect)
  api=14 insize=13247 outsize=37153 ok=1
Cmd: compileComputeKernel
  error: 1 plat 14 at CoreRP/ShaderLibrary/AreaLighting.hlsl(355): use of potentially uninitialized variable (LTCEvaluate)
  error: 1 plat 14 at CoreRP/ShaderLibrary/CommonLighting.hlsl(177): use of potentially uninitialized variable (BoxDistanceAttenuation)
  error: 1 plat 14 at Lit/Lit.hlsl(1280): use of potentially uninitialized variable (EvaluateBSDF_Line)
  error: 1 plat 14 at Lit/Lit.hlsl(1389): use of potentially uninitialized variable (EvaluateBSDF_Rect)
  api=14 insize=13247 outsize=67313 ok=1
Cmd: translateComputeKernel
  api=14 insize=104237 outsize=229477 ok=1
Cmd: compileComputeKernel
  api=14 insize=25381 outsize=17745 ok=1
Cmd: compileComputeKernel
  api=4 insize=2059 outsize=349 ok=1
Cmd: translateComputeKernel
  api=14 insize=2045 outsize=2633 ok=1
Cmd: translateComputeKernel
  api=14 insize=1469 outsize=1585 ok=1
Cmd: translateComputeKernel
  api=14 insize=10537 outsize=18405 ok=1
Cmd: translateComputeKernel
  api=14 insize=5397 outsize=7573 ok=1
Cmd: translateComputeKernel
  api=14 insize=3245 outsize=5341 ok=1
Cmd: compileComputeKernel
  api=14 insize=11473 outsize=11997 ok=1
Cmd: compileComputeKernel
  api=14 insize=9166 outsize=9621 ok=1
Cmd: compileComputeKernel
  api=14 insize=2868 outsize=1549 ok=1
Cmd: translateComputeKernel
  api=14 insize=1549 outsize=1657 ok=1
Cmd: compileComputeKernel
  api=14 insize=1470 outsize=1049 ok=1
Cmd: compileComputeKernel
  api=4 insize=1806 outsize=553 ok=1
Cmd: translateComputeKernel
  api=14 insize=1093 outsize=1081 ok=1
Cmd: compileComputeKernel
  api=4 insize=32699 outsize=43849 ok=1
Cmd: translateComputeKernel
  api=14 insize=39881 outsize=87945 ok=1
Cmd: compileComputeKernel
  api=4 insize=15985 outsize=14313 ok=1
Cmd: compileComputeKernel
  api=14 insize=1635 outsize=1485 ok=1
Cmd: compileComputeKernel
  api=4 insize=16784 outsize=6121 ok=1
Cmd: compileComputeKernel
  api=4 insize=16784 outsize=8469 ok=1
Cmd: compileComputeKernel
  api=4 insize=16784 outsize=6565 ok=1
Cmd: compileComputeKernel
  api=4 insize=16784 outsize=6685 ok=1
Cmd: compileComputeKernel
  api=4 insize=16784 outsize=8849 ok=1
Cmd: compileComputeKernel
  api=4 insize=16784 outsize=10773 ok=1
Cmd: compileComputeKernel
  api=14 insize=16784 outsize=7793 ok=1
Cmd: compileComputeKernel
  api=14 insize=16784 outsize=8805 ok=1
Cmd: compileComputeKernel
  api=14 insize=16784 outsize=8237 ok=1
Cmd: compileComputeKernel
  api=14 insize=16784 outsize=9609 ok=1
Cmd: compileComputeKernel
  api=14 insize=16784 outsize=11789 ok=1
Cmd: translateComputeKernel
  api=14 insize=6033 outsize=10353 ok=1
Cmd: translateComputeKernel
  api=14 insize=8121 outsize=14609 ok=1
Cmd: translateComputeKernel
  api=14 insize=10393 outsize=19753 ok=1
Cmd: translateComputeKernel
  api=14 insize=9573 outsize=17821 ok=1
Cmd: translateComputeKernel
  api=14 insize=10881 outsize=21237 ok=1
Cmd: compileComputeKernel
  api=14 insize=2845 outsize=5001 ok=1
