Base path: /Applications/Unity/Unity.app/Contents
Cmd: initializeCompiler
Cmd: compileComputeKernel
  api=14 insize=7330 outsize=10537 ok=1
Cmd: translateComputeKernel
  api=14 insize=10537 outsize=18405 ok=1
Cmd: compileComputeKernel
  api=14 insize=1470 outsize=1053 ok=1
Cmd: compileComputeKernel
  api=14 insize=1806 outsize=1145 ok=1
Cmd: compileComputeKernel
  api=14 insize=16784 outsize=6473 ok=1
Cmd: compileComputeKernel
  api=14 insize=16784 outsize=8249 ok=1
Cmd: compileComputeKernel
  api=14 insize=16784 outsize=10773 ok=1
Cmd: compileComputeKernel
  api=14 insize=16784 outsize=8737 ok=1
Cmd: compileComputeKernel
  api=14 insize=16784 outsize=9821 ok=1
Cmd: translateComputeKernel
  api=14 insize=6861 outsize=12461 ok=1
Cmd: translateComputeKernel
  api=14 insize=7829 outsize=13905 ok=1
Cmd: translateComputeKernel
  api=14 insize=9865 outsize=18689 ok=1
Cmd: translateComputeKernel
  api=14 insize=7869 outsize=14345 ok=1
Cmd: translateComputeKernel
  api=14 insize=10741 outsize=20241 ok=1

Quitting shader compiler process
