Base path: /Applications/Unity/Unity.app/Contents
Cmd: initializeCompiler
Cmd: compileComputeKernel
  api=14 insize=5004 outsize=10953 ok=1
Cmd: compileComputeKernel
  api=14 insize=9166 outsize=9937 ok=1
Cmd: translateComputeKernel
  api=14 insize=9705 outsize=16577 ok=1
Cmd: translateComputeKernel
  api=14 insize=1037 outsize=1069 ok=1
Cmd: compileComputeKernel
  api=14 insize=16784 outsize=6689 ok=1
Cmd: compileComputeKernel
  api=14 insize=16784 outsize=7793 ok=1
Cmd: compileComputeKernel
  api=14 insize=16784 outsize=9333 ok=1
Cmd: compileComputeKernel
  api=14 insize=16784 outsize=8933 ok=1
Cmd: compileComputeKernel
  api=14 insize=16784 outsize=10705 ok=1
Cmd: translateComputeKernel
  api=14 insize=7633 outsize=13973 ok=1
Cmd: translateComputeKernel
  api=14 insize=9797 outsize=17921 ok=1
Cmd: translateComputeKernel
  api=14 insize=7305 outsize=13553 ok=1
Cmd: translateComputeKernel
  api=14 insize=7485 outsize=13545 ok=1
Cmd: translateComputeKernel
  api=14 insize=11269 outsize=21305 ok=1

Quitting shader compiler process
