Base path: /Applications/Unity/Unity.app/Contents
Cmd: initializeCompiler
Cmd: translateComputeKernel
  api=14 insize=1469 outsize=1585 ok=1
Cmd: compileComputeKernel
  api=14 insize=5004 outsize=7289 ok=1
Cmd: translateComputeKernel
  api=14 insize=7289 outsize=11297 ok=1
Cmd: translateComputeKernel
  api=14 insize=3245 outsize=5341 ok=1
Cmd: translateComputeKernel
  api=14 insize=9621 outsize=16409 ok=1
Cmd: compileComputeKernel
  api=14 insize=2867 outsize=2021 ok=1
Cmd: compileComputeKernel
  api=14 insize=654 outsize=1093 ok=1
Cmd: compileComputeKernel
  api=14 insize=16784 outsize=7557 ok=1
Cmd: compileComputeKernel
  api=14 insize=16784 outsize=10437 ok=1
Cmd: compileComputeKernel
  api=14 insize=16784 outsize=8525 ok=1
Cmd: compileComputeKernel
  api=14 insize=16784 outsize=11689 ok=1
Cmd: translateComputeKernel
  api=14 insize=6165 outsize=11025 ok=1
Cmd: translateComputeKernel
  api=14 insize=7425 outsize=13205 ok=1
Cmd: translateComputeKernel
  api=14 insize=7897 outsize=14625 ok=1
Cmd: translateComputeKernel
  api=14 insize=8313 outsize=15629 ok=1
Cmd: translateComputeKernel
  api=14 insize=8773 outsize=16165 ok=1
Cmd: translateComputeKernel
  api=14 insize=11337 outsize=22157 ok=1

Quitting shader compiler process
