Base path: /Applications/Unity/Unity.app/Contents
Cmd: initializeCompiler
Cmd: compileComputeKernel
  error: 2 plat 14 at (81): failed to open source file: 'Packages/com.unity.render-pipelines.high-definition/Runtime/RenderPipeline/ShaderPass/ShaderPass.cs.hlsl'
  error: 2 plat 14 at (84): failed to open source file: 'Packages/com.unity.render-pipelines.core/ShaderLibrary/Common.hlsl'
  error: 2 plat 14 at (87): failed to open source file: 'Packages/com.unity.render-pipelines.high-definition/Runtime/ShaderLibrary/ShaderVariables.hlsl'
  error: 2 plat 14 at (88): failed to open source file: 'Packages/com.unity.render-pipelines.high-definition/Runtime/Lighting/Lighting.hlsl'
  error: 2 plat 14 at (89): failed to open source file: 'Packages/com.unity.render-pipelines.high-definition/Runtime/Material/Material.hlsl'
  error: 2 plat 14 at (108): failed to open source file: 'Packages/com.unity.render-pipelines.high-definition/Runtime/Lighting/LightLoop/LightLoopDef.hlsl'
  error: 2 plat 14 at (109): failed to open source file: 'Packages/com.unity.render-pipelines.high-definition/Runtime/Material/Lit/Lit.hlsl'
  error: 2 plat 14 at (110): failed to open source file: 'Packages/com.unity.render-pipelines.high-definition/Runtime/Lighting/LightLoop/LightLoop.hlsl'
  api=14 insize=14379 outsize=0 ok=0
Cmd: compileComputeKernel
  error: 2 plat 14 at (18): failed to open source file: 'Packages/com.unity.render-pipelines.core/ShaderLibrary/Common.hlsl'
  error: 2 plat 14 at (19): failed to open source file: 'Packages/com.unity.render-pipelines.high-definition/Runtime/Lighting/LightLoop/ShaderBase.hlsl'
  error: 2 plat 14 at (20): failed to open source file: 'Packages/com.unity.render-pipelines.high-definition/Runtime/Lighting/LightLoop/LightLoop.cs.hlsl'
  error: 2 plat 14 at (21): failed to open source file: 'Packages/com.unity.render-pipelines.high-definition/Runtime/Lighting/LightLoop/LightingConvexHullUtils.hlsl'
  error: 2 plat 14 at (22): failed to open source file: 'Packages/com.unity.render-pipelines.high-definition/Runtime/Lighting/LightLoop/LightCullUtils.hlsl'
  error: 2 plat 14 at (25): failed to open source file: 'Packages/com.unity.render-pipelines.high-definition/Runtime/Lighting/LightLoop/SortingComputeUtils.hlsl'
  error: 2 plat 14 at (58): failed to open source file: 'Packages/com.unity.render-pipelines.high-definition/Runtime/Lighting/LightLoop/ClusteredUtils.hlsl'
  api=14 insize=26814 outsize=0 ok=0
Cmd: compileComputeKernel
  error: 2 plat 14 at (4): failed to open source file: 'Packages/com.unity.render-pipelines.core/ShaderLibrary/Common.hlsl'
  error: 2 plat 14 at (5): failed to open source file: 'Packages/com.unity.render-pipelines.high-definition/Runtime/Lighting/LightLoop/LightLoop.cs.hlsl'
  error: 2 plat 14 at (6): failed to open source file: 'Packages/com.unity.render-pipelines.high-definition/Runtime/Lighting/LightLoop/LightingConvexHullUtils.hlsl'
  error: 2 plat 14 at (7): failed to open source file: 'Packages/com.unity.render-pipelines.high-definition/Runtime/Lighting/LightLoop/SortingComputeUtils.hlsl'
  error: 2 plat 14 at (8): failed to open source file: 'Packages/com.unity.render-pipelines.high-definition/Runtime/Lighting/LightLoop/LightCullUtils.hlsl'
  api=14 insize=11900 outsize=0 ok=0
Cmd: compileComputeKernel
  error: 2 plat 14 at (17): failed to open source file: 'Packages/com.unity.render-pipelines.core/ShaderLibrary/Common.hlsl'
  error: 2 plat 14 at (18): failed to open source file: 'Packages/com.unity.render-pipelines.high-definition/Runtime/Lighting/LightLoop/ShaderBase.hlsl'
  error: 2 plat 14 at (19): failed to open source file: 'Packages/com.unity.render-pipelines.high-definition/Runtime/Lighting/LightLoop/LightLoop.cs.hlsl'
  error: 2 plat 14 at (20): failed to open source file: 'Packages/com.unity.render-pipelines.high-definition/Runtime/Lighting/LightLoop/LightingConvexHullUtils.hlsl'
  error: 2 plat 14 at (23): failed to open source file: 'Packages/com.unity.render-pipelines.high-definition/Runtime/Lighting/LightLoop/SortingComputeUtils.hlsl'
  api=14 insize=19063 outsize=0 ok=0
Cmd: compileComputeKernel
  api=14 insize=3849 outsize=3069 ok=1
Cmd: compileComputeKernel
  error: 2 plat 14 at (58): failed to open source file: 'Packages/com.unity.render-pipelines.core/ShaderLibrary/Common.hlsl'
  error: 2 plat 14 at (59): failed to open source file: 'Packages/com.unity.render-pipelines.core/ShaderLibrary/GeometricTools.hlsl'
  error: 2 plat 14 at (60): failed to open source file: 'Packages/com.unity.render-pipelines.core/ShaderLibrary/Color.hlsl'
  error: 2 plat 14 at (61): failed to open source file: 'Packages/com.unity.render-pipelines.core/ShaderLibrary/Filtering.hlsl'
  error: 2 plat 14 at (62): failed to open source file: 'Packages/com.unity.render-pipelines.core/ShaderLibrary/VolumeRendering.hlsl'
  error: 2 plat 14 at (63): failed to open source file: 'Packages/com.unity.render-pipelines.core/ShaderLibrary/EntityLighting.hlsl'
  error: 2 plat 14 at (66): failed to open source file: 'Packages/com.unity.render-pipelines.high-definition/Runtime/Material/Builtin/BuiltinData.hlsl'
  error: 2 plat 14 at (68): failed to open source file: 'Packages/com.unity.render-pipelines.high-definition/Runtime/ShaderLibrary/ShaderVariables.hlsl'
  error: 2 plat 14 at (69): failed to open source file: 'Packages/com.unity.render-pipelines.high-definition/Runtime/RenderPipeline/ShaderPass/ShaderPass.cs.hlsl'
  error: 2 plat 14 at (72): failed to open source file: 'Packages/com.unity.render-pipelines.high-definition/Runtime/Lighting/VolumetricLighting/VolumetricLighting.cs.hlsl'
  error: 2 plat 14 at (73): failed to open source file: 'Packages/com.unity.render-pipelines.high-definition/Runtime/Lighting/VolumetricLighting/VBuffer.hlsl'
  error: 2 plat 14 at (75): failed to open source file: 'Packages/com.unity.render-pipelines.high-definition/Runtime/Lighting/Lighting.hlsl'
  error: 2 plat 14 at (76): failed to open source file: 'Packages/com.unity.render-pipelines.high-definition/Runtime/Lighting/LightLoop/LightLoopDef.hlsl'
  error: 2 plat 14 at (77): failed to open source file: 'Packages/com.unity.render-pipelines.high-definition/Runtime/Lighting/LightEvaluation.hlsl'
  api=14 insize=34565 outsize=0 ok=0
Cmd: compileComputeKernel
  error: 2 plat 14 at (36): failed to open source file: 'Packages/com.unity.render-pipelines.core/ShaderLibrary/Common.hlsl'
  error: 2 plat 14 at (37): failed to open source file: 'Packages/com.unity.render-pipelines.core/ShaderLibrary/GeometricTools.hlsl'
  error: 2 plat 14 at (38): failed to open source file: 'Packages/com.unity.render-pipelines.core/ShaderLibrary/VolumeRendering.hlsl'
  error: 2 plat 14 at (39): failed to open source file: 'Packages/com.unity.render-pipelines.high-definition/Runtime/Core/Utilities/GeometryUtils.cs.hlsl'
  error: 2 plat 14 at (41): failed to open source file: 'Packages/com.unity.render-pipelines.high-definition/Runtime/RenderPipeline/ShaderPass/ShaderPass.cs.hlsl'
  error: 2 plat 14 at (44): failed to open source file: 'Packages/com.unity.render-pipelines.high-definition/Runtime/ShaderLibrary/ShaderVariables.hlsl'
  error: 2 plat 14 at (45): failed to open source file: 'Packages/com.unity.render-pipelines.high-definition/Runtime/Lighting/VolumetricLighting/VolumetricLighting.cs.hlsl'
  error: 2 plat 14 at (47): failed to open source file: 'Packages/com.unity.render-pipelines.high-definition/Runtime/Lighting/Lighting.hlsl'
  error: 2 plat 14 at (48): failed to open source file: 'Packages/com.unity.render-pipelines.high-definition/Runtime/Lighting/LightLoop/LightLoopDef.hlsl'
  api=14 insize=17189 outsize=0 ok=0
Cmd: compileComputeKernel
  api=14 insize=9814 outsize=5153 ok=1
Cmd: translateComputeKernel
  api=14 insize=3517 outsize=6393 ok=1
Cmd: compileComputeKernel
  error: 2 plat 14 at (81): failed to open source file: 'Packages/com.unity.render-pipelines.core/ShaderLibrary/Common.hlsl'
  error: 2 plat 14 at (82): failed to open source file: 'Packages/com.unity.render-pipelines.high-definition/Runtime/Lighting/Shadow/ShadowMoments.hlsl'
  api=14 insize=16866 outsize=0 ok=0
Cmd: compileComputeKernel
  error: 2 plat 14 at (81): failed to open source file: 'Packages/com.unity.render-pipelines.core/ShaderLibrary/Common.hlsl'
  error: 2 plat 14 at (82): failed to open source file: 'Packages/com.unity.render-pipelines.high-definition/Runtime/Lighting/Shadow/ShadowMoments.hlsl'
  api=14 insize=16866 outsize=0 ok=0
Cmd: compileComputeKernel
  error: 2 plat 14 at (81): failed to open source file: 'Packages/com.unity.render-pipelines.core/ShaderLibrary/Common.hlsl'
  error: 2 plat 14 at (82): failed to open source file: 'Packages/com.unity.render-pipelines.high-definition/Runtime/Lighting/Shadow/ShadowMoments.hlsl'
  api=14 insize=16866 outsize=0 ok=0
Cmd: compileComputeKernel
  error: 2 plat 14 at (81): failed to open source file: 'Packages/com.unity.render-pipelines.core/ShaderLibrary/Common.hlsl'
  error: 2 plat 14 at (82): failed to open source file: 'Packages/com.unity.render-pipelines.high-definition/Runtime/Lighting/Shadow/ShadowMoments.hlsl'
  api=14 insize=16866 outsize=0 ok=0
Cmd: compileComputeKernel
  error: 2 plat 14 at (81): failed to open source file: 'Packages/com.unity.render-pipelines.core/ShaderLibrary/Common.hlsl'
  error: 2 plat 14 at (82): failed to open source file: 'Packages/com.unity.render-pipelines.high-definition/Runtime/Lighting/Shadow/ShadowMoments.hlsl'
  api=14 insize=16866 outsize=0 ok=0
Unhandled exception: Protocol error - unexpected end of data (did the Editor crash?)

Quitting shader compiler process
