Base path: /Applications/Unity/Unity.app/Contents
Cmd: initializeCompiler
Cmd: compileComputeKernel
  error: 2 plat 14 at (81): failed to open source file: 'Packages/com.unity.render-pipelines.high-definition/Runtime/RenderPipeline/ShaderPass/ShaderPass.cs.hlsl'
  error: 2 plat 14 at (84): failed to open source file: 'Packages/com.unity.render-pipelines.core/ShaderLibrary/Common.hlsl'
  error: 2 plat 14 at (87): failed to open source file: 'Packages/com.unity.render-pipelines.high-definition/Runtime/ShaderLibrary/ShaderVariables.hlsl'
  error: 2 plat 14 at (88): failed to open source file: 'Packages/com.unity.render-pipelines.high-definition/Runtime/Lighting/Lighting.hlsl'
  error: 2 plat 14 at (89): failed to open source file: 'Packages/com.unity.render-pipelines.high-definition/Runtime/Material/Material.hlsl'
  error: 2 plat 14 at (108): failed to open source file: 'Packages/com.unity.render-pipelines.high-definition/Runtime/Lighting/LightLoop/LightLoopDef.hlsl'
  error: 2 plat 14 at (109): failed to open source file: 'Packages/com.unity.render-pipelines.high-definition/Runtime/Material/Lit/Lit.hlsl'
  error: 2 plat 14 at (110): failed to open source file: 'Packages/com.unity.render-pipelines.high-definition/Runtime/Lighting/LightLoop/LightLoop.hlsl'
  api=14 insize=14379 outsize=0 ok=0
Cmd: compileComputeKernel
  api=14 insize=1326 outsize=1237 ok=1
Cmd: compileComputeKernel
  error: 2 plat 14 at (12): failed to open source file: 'Packages/com.unity.render-pipelines.core/ShaderLibrary/Common.hlsl'
  error: 2 plat 14 at (13): failed to open source file: 'Packages/com.unity.render-pipelines.high-definition/Runtime/ShaderLibrary/ShaderVariables.hlsl'
  error: 2 plat 14 at (14): failed to open source file: 'Packages/com.unity.render-pipelines.high-definition/Runtime/Material/NormalBuffer.hlsl'
  api=14 insize=7431 outsize=0 ok=0
Cmd: compileComputeKernel
  error: 2 plat 14 at (15): failed to open source file: 'Packages/com.unity.render-pipelines.core/ShaderLibrary/Common.hlsl'
  error: 2 plat 14 at (16): failed to open source file: 'Packages/com.unity.render-pipelines.high-definition/Runtime/ShaderLibrary/ShaderVariables.hlsl'
  api=14 insize=12210 outsize=0 ok=0
Cmd: compileComputeKernel
  error: 2 plat 14 at (23): failed to open source file: 'Packages/com.unity.render-pipelines.core/ShaderLibrary/Common.hlsl'
  api=14 insize=6353 outsize=0 ok=0
Cmd: compileComputeKernel
  error: 2 plat 14 at (17): failed to open source file: 'Packages/com.unity.render-pipelines.core/ShaderLibrary/Common.hlsl'
  error: 2 plat 14 at (18): failed to open source file: 'Packages/com.unity.render-pipelines.high-definition/Runtime/Lighting/LightLoop/ShaderBase.hlsl'
  error: 2 plat 14 at (19): failed to open source file: 'Packages/com.unity.render-pipelines.high-definition/Runtime/Lighting/LightLoop/LightLoop.cs.hlsl'
  error: 2 plat 14 at (20): failed to open source file: 'Packages/com.unity.render-pipelines.high-definition/Runtime/Lighting/LightLoop/LightingConvexHullUtils.hlsl'
  error: 2 plat 14 at (23): failed to open source file: 'Packages/com.unity.render-pipelines.high-definition/Runtime/Lighting/LightLoop/SortingComputeUtils.hlsl'
  api=14 insize=19063 outsize=0 ok=0
Cmd: compileComputeKernel
  error: 2 plat 14 at (28): failed to open source file: 'Packages/com.unity.render-pipelines.high-definition/Runtime/RenderPipeline/ShaderPass/ShaderPass.cs.hlsl'
  error: 2 plat 14 at (46): failed to open source file: 'Packages/com.unity.render-pipelines.core/ShaderLibrary/Common.hlsl'
  error: 2 plat 14 at (47): failed to open source file: 'Packages/com.unity.render-pipelines.core/ShaderLibrary/Packing.hlsl'
  error: 2 plat 14 at (48): failed to open source file: 'Packages/com.unity.render-pipelines.core/ShaderLibrary/Sampling/Sampling.hlsl'
  error: 2 plat 14 at (49): failed to open source file: 'Packages/com.unity.render-pipelines.core/ShaderLibrary/SpaceFillingCurves.hlsl'
  error: 2 plat 14 at (50): failed to open source file: 'Packages/com.unity.render-pipelines.high-definition/Runtime/ShaderLibrary/ShaderVariables.hlsl'
  error: 2 plat 14 at (51): failed to open source file: 'Packages/com.unity.render-pipelines.high-definition/Runtime/Lighting/LightDefinition.cs.hlsl'
  error: 2 plat 14 at (52): failed to open source file: 'Packages/com.unity.render-pipelines.high-definition/Runtime/Material/SubsurfaceScattering/SubsurfaceScattering.hlsl'
  api=14 insize=20454 outsize=0 ok=0
Cmd: compileComputeKernel
  error: 2 plat 14 at (58): failed to open source file: 'Packages/com.unity.render-pipelines.core/ShaderLibrary/Common.hlsl'
  error: 2 plat 14 at (59): failed to open source file: 'Packages/com.unity.render-pipelines.core/ShaderLibrary/GeometricTools.hlsl'
  error: 2 plat 14 at (60): failed to open source file: 'Packages/com.unity.render-pipelines.core/ShaderLibrary/Color.hlsl'
  error: 2 plat 14 at (61): failed to open source file: 'Packages/com.unity.render-pipelines.core/ShaderLibrary/Filtering.hlsl'
  error: 2 plat 14 at (62): failed to open source file: 'Packages/com.unity.render-pipelines.core/ShaderLibrary/VolumeRendering.hlsl'
  error: 2 plat 14 at (63): failed to open source file: 'Packages/com.unity.render-pipelines.core/ShaderLibrary/EntityLighting.hlsl'
  error: 2 plat 14 at (66): failed to open source file: 'Packages/com.unity.render-pipelines.high-definition/Runtime/Material/Builtin/BuiltinData.hlsl'
  error: 2 plat 14 at (68): failed to open source file: 'Packages/com.unity.render-pipelines.high-definition/Runtime/ShaderLibrary/ShaderVariables.hlsl'
  error: 2 plat 14 at (69): failed to open source file: 'Packages/com.unity.render-pipelines.high-definition/Runtime/RenderPipeline/ShaderPass/ShaderPass.cs.hlsl'
  error: 2 plat 14 at (72): failed to open source file: 'Packages/com.unity.render-pipelines.high-definition/Runtime/Lighting/VolumetricLighting/VolumetricLighting.cs.hlsl'
  error: 2 plat 14 at (73): failed to open source file: 'Packages/com.unity.render-pipelines.high-definition/Runtime/Lighting/VolumetricLighting/VBuffer.hlsl'
  error: 2 plat 14 at (75): failed to open source file: 'Packages/com.unity.render-pipelines.high-definition/Runtime/Lighting/Lighting.hlsl'
  error: 2 plat 14 at (76): failed to open source file: 'Packages/com.unity.render-pipelines.high-definition/Runtime/Lighting/LightLoop/LightLoopDef.hlsl'
  error: 2 plat 14 at (77): failed to open source file: 'Packages/com.unity.render-pipelines.high-definition/Runtime/Lighting/LightEvaluation.hlsl'
  api=14 insize=34565 outsize=0 ok=0
Cmd: compileComputeKernel
  error: 2 plat 14 at (81): failed to open source file: 'Packages/com.unity.render-pipelines.core/ShaderLibrary/Common.hlsl'
  error: 2 plat 14 at (82): failed to open source file: 'Packages/com.unity.render-pipelines.high-definition/Runtime/Lighting/Shadow/ShadowMoments.hlsl'
  api=14 insize=16866 outsize=0 ok=0
Cmd: compileComputeKernel
  error: 2 plat 14 at (81): failed to open source file: 'Packages/com.unity.render-pipelines.core/ShaderLibrary/Common.hlsl'
  error: 2 plat 14 at (82): failed to open source file: 'Packages/com.unity.render-pipelines.high-definition/Runtime/Lighting/Shadow/ShadowMoments.hlsl'
  api=14 insize=16866 outsize=0 ok=0
Cmd: compileComputeKernel
  error: 2 plat 14 at (81): failed to open source file: 'Packages/com.unity.render-pipelines.core/ShaderLibrary/Common.hlsl'
  error: 2 plat 14 at (82): failed to open source file: 'Packages/com.unity.render-pipelines.high-definition/Runtime/Lighting/Shadow/ShadowMoments.hlsl'
  api=14 insize=16866 outsize=0 ok=0
Cmd: compileComputeKernel
  error: 2 plat 14 at (81): failed to open source file: 'Packages/com.unity.render-pipelines.core/ShaderLibrary/Common.hlsl'
  error: 2 plat 14 at (82): failed to open source file: 'Packages/com.unity.render-pipelines.high-definition/Runtime/Lighting/Shadow/ShadowMoments.hlsl'
  api=14 insize=16866 outsize=0 ok=0
Cmd: compileComputeKernel
  error: 2 plat 14 at (81): failed to open source file: 'Packages/com.unity.render-pipelines.core/ShaderLibrary/Common.hlsl'
  error: 2 plat 14 at (82): failed to open source file: 'Packages/com.unity.render-pipelines.high-definition/Runtime/Lighting/Shadow/ShadowMoments.hlsl'
  api=14 insize=16866 outsize=0 ok=0
Unhandled exception: Protocol error - unexpected end of data (did the Editor crash?)

Quitting shader compiler process
